c:\users\michael j\source\repos\inheritancedesign3333333333\lab05\lab04\x64\debug\vc143.pdb
c:\users\michael j\source\repos\inheritancedesign3333333333\lab05\lab04\x64\debug\vc143.idb
c:\users\michael j\source\repos\inheritancedesign3333333333\lab05\lab04\x64\debug\testrook.obj
c:\users\michael j\source\repos\inheritancedesign3333333333\lab05\lab04\x64\debug\testqueen.obj
c:\users\michael j\source\repos\inheritancedesign3333333333\lab05\lab04\x64\debug\testposition.obj
c:\users\michael j\source\repos\inheritancedesign3333333333\lab05\lab04\x64\debug\testpiece.obj
c:\users\michael j\source\repos\inheritancedesign3333333333\lab05\lab04\x64\debug\testpawn.obj
c:\users\michael j\source\repos\inheritancedesign3333333333\lab05\lab04\x64\debug\testmove.obj
c:\users\michael j\source\repos\inheritancedesign3333333333\lab05\lab04\x64\debug\testknight.obj
c:\users\michael j\source\repos\inheritancedesign3333333333\lab05\lab04\x64\debug\testking.obj
c:\users\michael j\source\repos\inheritancedesign3333333333\lab05\lab04\x64\debug\testboard.obj
c:\users\michael j\source\repos\inheritancedesign3333333333\lab05\lab04\x64\debug\testbishop.obj
c:\users\michael j\source\repos\inheritancedesign3333333333\lab05\lab04\x64\debug\test.obj
c:\users\michael j\source\repos\inheritancedesign3333333333\lab05\lab04\x64\debug\position.obj
c:\users\michael j\source\repos\inheritancedesign3333333333\lab05\lab04\x64\debug\piecequeen.obj
c:\users\michael j\source\repos\inheritancedesign3333333333\lab05\lab04\x64\debug\pieceknight.obj
c:\users\michael j\source\repos\inheritancedesign3333333333\lab05\lab04\x64\debug\pieceking.obj
c:\users\michael j\source\repos\inheritancedesign3333333333\lab05\lab04\x64\debug\piecebishop.obj
c:\users\michael j\source\repos\inheritancedesign3333333333\lab05\lab04\x64\debug\piece.obj
c:\users\michael j\source\repos\inheritancedesign3333333333\lab05\lab04\x64\debug\move.obj
c:\users\michael j\source\repos\inheritancedesign3333333333\lab05\lab04\x64\debug\chess.obj
c:\users\michael j\source\repos\inheritancedesign3333333333\lab05\lab04\x64\debug\board.obj
c:\users\michael j\source\repos\inheritancedesign3333333333\lab05\lab04\x64\debug\uiinteract.obj
c:\users\michael j\source\repos\inheritancedesign3333333333\lab05\lab04\x64\debug\uidraw.obj
c:\users\michael j\source\repos\inheritancedesign3333333333\lab05\lab04\x64\debug\piecerook.obj
c:\users\michael j\source\repos\inheritancedesign3333333333\lab05\lab04\x64\debug\lab04.ilk
c:\users\michael j\source\repos\inheritancedesign3333333333\lab05\x64\debug\lab04.pdb
c:\users\michael j\source\repos\inheritancedesign3333333333\lab05\lab04\x64\debug\lab04.tlog\cl.command.1.tlog
c:\users\michael j\source\repos\inheritancedesign3333333333\lab05\lab04\x64\debug\lab04.tlog\cl.items.tlog
c:\users\michael j\source\repos\inheritancedesign3333333333\lab05\lab04\x64\debug\lab04.tlog\cl.read.1.tlog
c:\users\michael j\source\repos\inheritancedesign3333333333\lab05\lab04\x64\debug\lab04.tlog\cl.write.1.tlog
c:\users\michael j\source\repos\inheritancedesign3333333333\lab05\lab04\x64\debug\lab04.tlog\link.17928-cvtres.read.1.tlog
c:\users\michael j\source\repos\inheritancedesign3333333333\lab05\lab04\x64\debug\lab04.tlog\link.17928-cvtres.write.1.tlog
c:\users\michael j\source\repos\inheritancedesign3333333333\lab05\lab04\x64\debug\lab04.tlog\link.17928-rc.read.1.tlog
c:\users\michael j\source\repos\inheritancedesign3333333333\lab05\lab04\x64\debug\lab04.tlog\link.17928-rc.write.1.tlog
c:\users\michael j\source\repos\inheritancedesign3333333333\lab05\lab04\x64\debug\lab04.tlog\link.17928.read.1.tlog
c:\users\michael j\source\repos\inheritancedesign3333333333\lab05\lab04\x64\debug\lab04.tlog\link.17928.read.2.tlog
c:\users\michael j\source\repos\inheritancedesign3333333333\lab05\lab04\x64\debug\lab04.tlog\link.17928.read.3.tlog
c:\users\michael j\source\repos\inheritancedesign3333333333\lab05\lab04\x64\debug\lab04.tlog\link.17928.read.4.tlog
c:\users\michael j\source\repos\inheritancedesign3333333333\lab05\lab04\x64\debug\lab04.tlog\link.17928.read.5.tlog
c:\users\michael j\source\repos\inheritancedesign3333333333\lab05\lab04\x64\debug\lab04.tlog\link.17928.write.1.tlog
c:\users\michael j\source\repos\inheritancedesign3333333333\lab05\lab04\x64\debug\lab04.tlog\link.command.1.tlog
c:\users\michael j\source\repos\inheritancedesign3333333333\lab05\lab04\x64\debug\lab04.tlog\link.read.1.tlog
c:\users\michael j\source\repos\inheritancedesign3333333333\lab05\lab04\x64\debug\lab04.tlog\link.secondary.1.tlog
c:\users\michael j\source\repos\inheritancedesign3333333333\lab05\lab04\x64\debug\lab04.tlog\link.write.1.tlog
